mobile/build/intermediates/manifest_merge_blame_file/release/processReleaseMainManifest/manifest-merger-blame-release-report.txt
1<?xml version="1.0" encoding="utf-8"?>
2<manifest xmlns:android="http://schemas.android.com/apk/res/android"
3    package="com.escom.practica9martin"
4    android:versionCode="1"
5    android:versionName="1.0" >
6
7    <uses-sdk
8        android:minSdkVersion="24"
9        android:targetSdkVersion="34" />
10
11    <uses-permission android:name="android.permission.INTERNET" />
11-->src/main/AndroidManifest.xml:4:5-67
11-->src/main/AndroidManifest.xml:4:22-64
12    <uses-permission android:name="android.permission.POST_NOTIFICATIONS" />
12-->src/main/AndroidManifest.xml:5:5-77
12-->src/main/AndroidManifest.xml:5:22-74
13    <!-- Although the *SdkVersion is captured in gradle build files, this is required for non gradle builds -->
14    <!-- <uses-sdk android:minSdkVersion="14"/> -->
15    <uses-permission android:name="android.permission.ACCESS_NETWORK_STATE" />
15-->[com.google.firebase:firebase-database:20.3.0] AndroidManifest.xml:22:5-79
15-->[com.google.firebase:firebase-database:20.3.0] AndroidManifest.xml:22:22-76
16    <uses-permission android:name="android.permission.WAKE_LOCK" /> <!-- Required by older versions of Google Play services to create IID tokens -->
16-->[com.google.firebase:firebase-messaging:23.4.0] AndroidManifest.xml:24:5-68
16-->[com.google.firebase:firebase-messaging:23.4.0] AndroidManifest.xml:24:22-65
17    <uses-permission android:name="com.google.android.c2dm.permission.RECEIVE" />
17-->[com.google.firebase:firebase-messaging:23.4.0] AndroidManifest.xml:26:5-82
17-->[com.google.firebase:firebase-messaging:23.4.0] AndroidManifest.xml:26:22-79
18
19    <permission
19-->[androidx.core:core:1.13.0] AndroidManifest.xml:22:5-24:47
20        android:name="com.escom.practica9martin.DYNAMIC_RECEIVER_NOT_EXPORTED_PERMISSION"
20-->[androidx.core:core:1.13.0] AndroidManifest.xml:23:9-81
21        android:protectionLevel="signature" />
21-->[androidx.core:core:1.13.0] AndroidManifest.xml:24:9-44
22
23    <uses-permission android:name="com.escom.practica9martin.DYNAMIC_RECEIVER_NOT_EXPORTED_PERMISSION" />
23-->[androidx.core:core:1.13.0] AndroidManifest.xml:26:5-97
23-->[androidx.core:core:1.13.0] AndroidManifest.xml:26:22-94
24
25    <application
25-->src/main/AndroidManifest.xml:7:5-31:19
26        android:allowBackup="true"
26-->src/main/AndroidManifest.xml:8:9-35
27        android:appComponentFactory="androidx.core.app.CoreComponentFactory"
27-->[androidx.core:core:1.13.0] AndroidManifest.xml:28:18-86
28        android:extractNativeLibs="false"
29        android:icon="@mipmap/ic_launcher"
29-->src/main/AndroidManifest.xml:9:9-43
30        android:label="HydroWatch Mobile"
30-->src/main/AndroidManifest.xml:10:9-42
31        android:supportsRtl="true"
31-->src/main/AndroidManifest.xml:11:9-35
32        android:theme="@android:style/Theme.Material.NoActionBar" >
32-->src/main/AndroidManifest.xml:12:9-66
33        <activity
33-->src/main/AndroidManifest.xml:14:9-22:20
34            android:name="com.escom.practica9martin.MainActivity"
34-->src/main/AndroidManifest.xml:15:13-41
35            android:exported="true"
35-->src/main/AndroidManifest.xml:16:13-36
36            android:theme="@android:style/Theme.Material.NoActionBar" >
36-->src/main/AndroidManifest.xml:17:13-70
37            <intent-filter>
37-->src/main/AndroidManifest.xml:18:13-21:29
38                <action android:name="android.intent.action.MAIN" />
38-->src/main/AndroidManifest.xml:19:17-69
38-->src/main/AndroidManifest.xml:19:25-66
39
40                <category android:name="android.intent.category.LAUNCHER" />
40-->src/main/AndroidManifest.xml:20:17-77
40-->src/main/AndroidManifest.xml:20:27-74
41            </intent-filter>
42        </activity>
43
44        <service
44-->src/main/AndroidManifest.xml:24:9-30:19
45            android:name="com.escom.practica9martin.service.MyFirebaseMessagingService"
45-->src/main/AndroidManifest.xml:25:13-63
46            android:exported="false" >
46-->src/main/AndroidManifest.xml:26:13-37
47            <intent-filter>
47-->src/main/AndroidManifest.xml:27:13-29:29
48                <action android:name="com.google.firebase.MESSAGING_EVENT" />
48-->src/main/AndroidManifest.xml:28:17-78
48-->src/main/AndroidManifest.xml:28:25-75
49            </intent-filter>
50        </service>
51        <service
51-->[com.google.firebase:firebase-database-ktx:20.3.0] AndroidManifest.xml:9:9-15:19
52            android:name="com.google.firebase.components.ComponentDiscoveryService"
52-->[com.google.firebase:firebase-database-ktx:20.3.0] AndroidManifest.xml:10:13-84
53            android:directBootAware="true"
53-->[com.google.firebase:firebase-common:20.4.2] AndroidManifest.xml:32:13-43
54            android:exported="false" >
54-->[com.google.firebase:firebase-database-ktx:20.3.0] AndroidManifest.xml:11:13-37
55            <meta-data
55-->[com.google.firebase:firebase-database-ktx:20.3.0] AndroidManifest.xml:12:13-14:85
56                android:name="com.google.firebase.components:com.google.firebase.database.ktx.FirebaseDatabaseLegacyRegistrar"
56-->[com.google.firebase:firebase-database-ktx:20.3.0] AndroidManifest.xml:13:17-127
57                android:value="com.google.firebase.components.ComponentRegistrar" />
57-->[com.google.firebase:firebase-database-ktx:20.3.0] AndroidManifest.xml:14:17-82
58            <meta-data
58-->[com.google.firebase:firebase-messaging-ktx:23.4.0] AndroidManifest.xml:26:13-28:85
59                android:name="com.google.firebase.components:com.google.firebase.messaging.ktx.FirebaseMessagingLegacyRegistrar"
59-->[com.google.firebase:firebase-messaging-ktx:23.4.0] AndroidManifest.xml:27:17-129
60                android:value="com.google.firebase.components.ComponentRegistrar" />
60-->[com.google.firebase:firebase-messaging-ktx:23.4.0] AndroidManifest.xml:28:17-82
61            <meta-data
61-->[com.google.firebase:firebase-database:20.3.0] AndroidManifest.xml:29:13-31:85
62                android:name="com.google.firebase.components:com.google.firebase.database.FirebaseDatabaseKtxRegistrar"
62-->[com.google.firebase:firebase-database:20.3.0] AndroidManifest.xml:30:17-120
63                android:value="com.google.firebase.components.ComponentRegistrar" />
63-->[com.google.firebase:firebase-database:20.3.0] AndroidManifest.xml:31:17-82
64            <meta-data
64-->[com.google.firebase:firebase-database:20.3.0] AndroidManifest.xml:32:13-34:85
65                android:name="com.google.firebase.components:com.google.firebase.database.DatabaseRegistrar"
65-->[com.google.firebase:firebase-database:20.3.0] AndroidManifest.xml:33:17-109
66                android:value="com.google.firebase.components.ComponentRegistrar" />
66-->[com.google.firebase:firebase-database:20.3.0] AndroidManifest.xml:34:17-82
67            <meta-data
67-->[com.google.firebase:firebase-messaging:23.4.0] AndroidManifest.xml:57:13-59:85
68                android:name="com.google.firebase.components:com.google.firebase.messaging.FirebaseMessagingKtxRegistrar"
68-->[com.google.firebase:firebase-messaging:23.4.0] AndroidManifest.xml:58:17-122
69                android:value="com.google.firebase.components.ComponentRegistrar" />
69-->[com.google.firebase:firebase-messaging:23.4.0] AndroidManifest.xml:59:17-82
70            <meta-data
70-->[com.google.firebase:firebase-messaging:23.4.0] AndroidManifest.xml:60:13-62:85
71                android:name="com.google.firebase.components:com.google.firebase.messaging.FirebaseMessagingRegistrar"
71-->[com.google.firebase:firebase-messaging:23.4.0] AndroidManifest.xml:61:17-119
72                android:value="com.google.firebase.components.ComponentRegistrar" />
72-->[com.google.firebase:firebase-messaging:23.4.0] AndroidManifest.xml:62:17-82
73            <meta-data
73-->[com.google.firebase:firebase-installations:17.2.0] AndroidManifest.xml:15:13-17:85
74                android:name="com.google.firebase.components:com.google.firebase.installations.FirebaseInstallationsKtxRegistrar"
74-->[com.google.firebase:firebase-installations:17.2.0] AndroidManifest.xml:16:17-130
75                android:value="com.google.firebase.components.ComponentRegistrar" />
75-->[com.google.firebase:firebase-installations:17.2.0] AndroidManifest.xml:17:17-82
76            <meta-data
76-->[com.google.firebase:firebase-installations:17.2.0] AndroidManifest.xml:18:13-20:85
77                android:name="com.google.firebase.components:com.google.firebase.installations.FirebaseInstallationsRegistrar"
77-->[com.google.firebase:firebase-installations:17.2.0] AndroidManifest.xml:19:17-127
78                android:value="com.google.firebase.components.ComponentRegistrar" />
78-->[com.google.firebase:firebase-installations:17.2.0] AndroidManifest.xml:20:17-82
79            <meta-data
79-->[com.google.firebase:firebase-common-ktx:20.4.2] AndroidManifest.xml:12:13-14:85
80                android:name="com.google.firebase.components:com.google.firebase.ktx.FirebaseCommonLegacyRegistrar"
80-->[com.google.firebase:firebase-common-ktx:20.4.2] AndroidManifest.xml:13:17-116
81                android:value="com.google.firebase.components.ComponentRegistrar" />
81-->[com.google.firebase:firebase-common-ktx:20.4.2] AndroidManifest.xml:14:17-82
82            <meta-data
82-->[com.google.firebase:firebase-common:20.4.2] AndroidManifest.xml:35:13-37:85
83                android:name="com.google.firebase.components:com.google.firebase.FirebaseCommonKtxRegistrar"
83-->[com.google.firebase:firebase-common:20.4.2] AndroidManifest.xml:36:17-109
84                android:value="com.google.firebase.components.ComponentRegistrar" />
84-->[com.google.firebase:firebase-common:20.4.2] AndroidManifest.xml:37:17-82
85            <meta-data
85-->[com.google.firebase:firebase-datatransport:18.1.7] AndroidManifest.xml:27:13-29:85
86                android:name="com.google.firebase.components:com.google.firebase.datatransport.TransportRegistrar"
86-->[com.google.firebase:firebase-datatransport:18.1.7] AndroidManifest.xml:28:17-115
87                android:value="com.google.firebase.components.ComponentRegistrar" />
87-->[com.google.firebase:firebase-datatransport:18.1.7] AndroidManifest.xml:29:17-82
88        </service>
89
90        <receiver
90-->[com.google.firebase:firebase-messaging:23.4.0] AndroidManifest.xml:29:9-40:20
91            android:name="com.google.firebase.iid.FirebaseInstanceIdReceiver"
91-->[com.google.firebase:firebase-messaging:23.4.0] AndroidManifest.xml:30:13-78
92            android:exported="true"
92-->[com.google.firebase:firebase-messaging:23.4.0] AndroidManifest.xml:31:13-36
93            android:permission="com.google.android.c2dm.permission.SEND" >
93-->[com.google.firebase:firebase-messaging:23.4.0] AndroidManifest.xml:32:13-73
94            <intent-filter>
94-->[com.google.firebase:firebase-messaging:23.4.0] AndroidManifest.xml:33:13-35:29
95                <action android:name="com.google.android.c2dm.intent.RECEIVE" />
95-->[com.google.firebase:firebase-messaging:23.4.0] AndroidManifest.xml:34:17-81
95-->[com.google.firebase:firebase-messaging:23.4.0] AndroidManifest.xml:34:25-78
96            </intent-filter>
97
98            <meta-data
98-->[com.google.firebase:firebase-messaging:23.4.0] AndroidManifest.xml:37:13-39:40
99                android:name="com.google.android.gms.cloudmessaging.FINISHED_AFTER_HANDLED"
99-->[com.google.firebase:firebase-messaging:23.4.0] AndroidManifest.xml:38:17-92
100                android:value="true" />
100-->[com.google.firebase:firebase-messaging:23.4.0] AndroidManifest.xml:39:17-37
101        </receiver>
102        <!--
103             FirebaseMessagingService performs security checks at runtime,
104             but set to not exported to explicitly avoid allowing another app to call it.
105        -->
106        <service
106-->[com.google.firebase:firebase-messaging:23.4.0] AndroidManifest.xml:46:9-53:19
107            android:name="com.google.firebase.messaging.FirebaseMessagingService"
107-->[com.google.firebase:firebase-messaging:23.4.0] AndroidManifest.xml:47:13-82
108            android:directBootAware="true"
108-->[com.google.firebase:firebase-messaging:23.4.0] AndroidManifest.xml:48:13-43
109            android:exported="false" >
109-->[com.google.firebase:firebase-messaging:23.4.0] AndroidManifest.xml:49:13-37
110            <intent-filter android:priority="-500" >
110-->src/main/AndroidManifest.xml:27:13-29:29
111                <action android:name="com.google.firebase.MESSAGING_EVENT" />
111-->src/main/AndroidManifest.xml:28:17-78
111-->src/main/AndroidManifest.xml:28:25-75
112            </intent-filter>
113        </service>
114
115        <provider
115-->[com.google.firebase:firebase-common:20.4.2] AndroidManifest.xml:23:9-28:39
116            android:name="com.google.firebase.provider.FirebaseInitProvider"
116-->[com.google.firebase:firebase-common:20.4.2] AndroidManifest.xml:24:13-77
117            android:authorities="com.escom.practica9martin.firebaseinitprovider"
117-->[com.google.firebase:firebase-common:20.4.2] AndroidManifest.xml:25:13-72
118            android:directBootAware="true"
118-->[com.google.firebase:firebase-common:20.4.2] AndroidManifest.xml:26:13-43
119            android:exported="false"
119-->[com.google.firebase:firebase-common:20.4.2] AndroidManifest.xml:27:13-37
120            android:initOrder="100" />
120-->[com.google.firebase:firebase-common:20.4.2] AndroidManifest.xml:28:13-36
121
122        <activity
122-->[com.google.android.gms:play-services-base:18.1.0] AndroidManifest.xml:20:9-22:45
123            android:name="com.google.android.gms.common.api.GoogleApiActivity"
123-->[com.google.android.gms:play-services-base:18.1.0] AndroidManifest.xml:20:19-85
124            android:exported="false"
124-->[com.google.android.gms:play-services-base:18.1.0] AndroidManifest.xml:22:19-43
125            android:theme="@android:style/Theme.Translucent.NoTitleBar" />
125-->[com.google.android.gms:play-services-base:18.1.0] AndroidManifest.xml:21:19-78
126
127        <provider
127-->[androidx.emoji2:emoji2:1.3.0] AndroidManifest.xml:24:9-32:20
128            android:name="androidx.startup.InitializationProvider"
128-->[androidx.emoji2:emoji2:1.3.0] AndroidManifest.xml:25:13-67
129            android:authorities="com.escom.practica9martin.androidx-startup"
129-->[androidx.emoji2:emoji2:1.3.0] AndroidManifest.xml:26:13-68
130            android:exported="false" >
130-->[androidx.emoji2:emoji2:1.3.0] AndroidManifest.xml:27:13-37
131            <meta-data
131-->[androidx.emoji2:emoji2:1.3.0] AndroidManifest.xml:29:13-31:52
132                android:name="androidx.emoji2.text.EmojiCompatInitializer"
132-->[androidx.emoji2:emoji2:1.3.0] AndroidManifest.xml:30:17-75
133                android:value="androidx.startup" />
133-->[androidx.emoji2:emoji2:1.3.0] AndroidManifest.xml:31:17-49
134            <meta-data
134-->[androidx.lifecycle:lifecycle-process:2.8.7] AndroidManifest.xml:29:13-31:52
135                android:name="androidx.lifecycle.ProcessLifecycleInitializer"
135-->[androidx.lifecycle:lifecycle-process:2.8.7] AndroidManifest.xml:30:17-78
136                android:value="androidx.startup" />
136-->[androidx.lifecycle:lifecycle-process:2.8.7] AndroidManifest.xml:31:17-49
137            <meta-data
137-->[androidx.profileinstaller:profileinstaller:1.3.1] AndroidManifest.xml:29:13-31:52
138                android:name="androidx.profileinstaller.ProfileInstallerInitializer"
138-->[androidx.profileinstaller:profileinstaller:1.3.1] AndroidManifest.xml:30:17-85
139                android:value="androidx.startup" />
139-->[androidx.profileinstaller:profileinstaller:1.3.1] AndroidManifest.xml:31:17-49
140        </provider>
141
142        <meta-data
142-->[com.google.android.gms:play-services-basement:18.1.0] AndroidManifest.xml:21:9-23:69
143            android:name="com.google.android.gms.version"
143-->[com.google.android.gms:play-services-basement:18.1.0] AndroidManifest.xml:22:13-58
144            android:value="@integer/google_play_services_version" />
144-->[com.google.android.gms:play-services-basement:18.1.0] AndroidManifest.xml:23:13-66
145
146        <receiver
146-->[androidx.profileinstaller:profileinstaller:1.3.1] AndroidManifest.xml:34:9-52:20
147            android:name="androidx.profileinstaller.ProfileInstallReceiver"
147-->[androidx.profileinstaller:profileinstaller:1.3.1] AndroidManifest.xml:35:13-76
148            android:directBootAware="false"
148-->[androidx.profileinstaller:profileinstaller:1.3.1] AndroidManifest.xml:36:13-44
149            android:enabled="true"
149-->[androidx.profileinstaller:profileinstaller:1.3.1] AndroidManifest.xml:37:13-35
150            android:exported="true"
150-->[androidx.profileinstaller:profileinstaller:1.3.1] AndroidManifest.xml:38:13-36
151            android:permission="android.permission.DUMP" >
151-->[androidx.profileinstaller:profileinstaller:1.3.1] AndroidManifest.xml:39:13-57
152            <intent-filter>
152-->[androidx.profileinstaller:profileinstaller:1.3.1] AndroidManifest.xml:40:13-42:29
153                <action android:name="androidx.profileinstaller.action.INSTALL_PROFILE" />
153-->[androidx.profileinstaller:profileinstaller:1.3.1] AndroidManifest.xml:41:17-91
153-->[androidx.profileinstaller:profileinstaller:1.3.1] AndroidManifest.xml:41:25-88
154            </intent-filter>
155            <intent-filter>
155-->[androidx.profileinstaller:profileinstaller:1.3.1] AndroidManifest.xml:43:13-45:29
156                <action android:name="androidx.profileinstaller.action.SKIP_FILE" />
156-->[androidx.profileinstaller:profileinstaller:1.3.1] AndroidManifest.xml:44:17-85
156-->[androidx.profileinstaller:profileinstaller:1.3.1] AndroidManifest.xml:44:25-82
157            </intent-filter>
158            <intent-filter>
158-->[androidx.profileinstaller:profileinstaller:1.3.1] AndroidManifest.xml:46:13-48:29
159                <action android:name="androidx.profileinstaller.action.SAVE_PROFILE" />
159-->[androidx.profileinstaller:profileinstaller:1.3.1] AndroidManifest.xml:47:17-88
159-->[androidx.profileinstaller:profileinstaller:1.3.1] AndroidManifest.xml:47:25-85
160            </intent-filter>
161            <intent-filter>
161-->[androidx.profileinstaller:profileinstaller:1.3.1] AndroidManifest.xml:49:13-51:29
162                <action android:name="androidx.profileinstaller.action.BENCHMARK_OPERATION" />
162-->[androidx.profileinstaller:profileinstaller:1.3.1] AndroidManifest.xml:50:17-95
162-->[androidx.profileinstaller:profileinstaller:1.3.1] AndroidManifest.xml:50:25-92
163            </intent-filter>
164        </receiver>
165
166        <service
166-->[com.google.android.datatransport:transport-backend-cct:3.1.8] AndroidManifest.xml:28:9-34:19
167            android:name="com.google.android.datatransport.runtime.backends.TransportBackendDiscovery"
167-->[com.google.android.datatransport:transport-backend-cct:3.1.8] AndroidManifest.xml:29:13-103
168            android:exported="false" >
168-->[com.google.android.datatransport:transport-backend-cct:3.1.8] AndroidManifest.xml:30:13-37
169            <meta-data
169-->[com.google.android.datatransport:transport-backend-cct:3.1.8] AndroidManifest.xml:31:13-33:39
170                android:name="backend:com.google.android.datatransport.cct.CctBackendFactory"
170-->[com.google.android.datatransport:transport-backend-cct:3.1.8] AndroidManifest.xml:32:17-94
171                android:value="cct" />
171-->[com.google.android.datatransport:transport-backend-cct:3.1.8] AndroidManifest.xml:33:17-36
172        </service>
173        <service
173-->[com.google.android.datatransport:transport-runtime:3.1.8] AndroidManifest.xml:26:9-30:19
174            android:name="com.google.android.datatransport.runtime.scheduling.jobscheduling.JobInfoSchedulerService"
174-->[com.google.android.datatransport:transport-runtime:3.1.8] AndroidManifest.xml:27:13-117
175            android:exported="false"
175-->[com.google.android.datatransport:transport-runtime:3.1.8] AndroidManifest.xml:28:13-37
176            android:permission="android.permission.BIND_JOB_SERVICE" >
176-->[com.google.android.datatransport:transport-runtime:3.1.8] AndroidManifest.xml:29:13-69
177        </service>
178
179        <receiver
179-->[com.google.android.datatransport:transport-runtime:3.1.8] AndroidManifest.xml:32:9-34:40
180            android:name="com.google.android.datatransport.runtime.scheduling.jobscheduling.AlarmManagerSchedulerBroadcastReceiver"
180-->[com.google.android.datatransport:transport-runtime:3.1.8] AndroidManifest.xml:33:13-132
181            android:exported="false" />
181-->[com.google.android.datatransport:transport-runtime:3.1.8] AndroidManifest.xml:34:13-37
182    </application>
183
184</manifest>